Analysis & Synthesis report for part5
Thu Apr 23 22:33:50 2020
Quartus Prime Version 17.0.0 Build 595 04/25/2017 SJ Lite Edition


---------------------
; Table of Contents ;
---------------------
  1. Legal Notice
  2. Analysis & Synthesis Summary
  3. Analysis & Synthesis Settings
  4. Parallel Compilation
  5. Analysis & Synthesis Source Files Read
  6. Analysis & Synthesis Resource Usage Summary
  7. Analysis & Synthesis Resource Utilization by Entity
  8. User-Specified and Inferred Latches
  9. General Register Statistics
 10. Post-Synthesis Netlist Statistics for Top Partition
 11. Elapsed Time Per Partition
 12. Analysis & Synthesis Messages



----------------
; Legal Notice ;
----------------
Copyright (C) 2017  Intel Corporation. All rights reserved.
Your use of Intel Corporation's design tools, logic functions 
and other software and tools, and its AMPP partner logic 
functions, and any output files from any of the foregoing 
(including device programming or simulation files), and any 
associated documentation or information are expressly subject 
to the terms and conditions of the Intel Program License 
Subscription Agreement, the Intel Quartus Prime License Agreement,
the Intel MegaCore Function License Agreement, or other 
applicable license agreement, including, without limitation, 
that your use is for the sole purpose of programming logic 
devices manufactured by Intel and sold by Intel or its 
authorized distributors.  Please refer to the applicable 
agreement for further details.



+----------------------------------------------------------------------------------+
; Analysis & Synthesis Summary                                                     ;
+------------------------------------+---------------------------------------------+
; Analysis & Synthesis Status        ; Successful - Thu Apr 23 22:33:50 2020       ;
; Quartus Prime Version              ; 17.0.0 Build 595 04/25/2017 SJ Lite Edition ;
; Revision Name                      ; part5                                       ;
; Top-level Entity Name              ; part5                                       ;
; Family                             ; Cyclone IV E                                ;
; Total logic elements               ; 28                                          ;
;     Total combinational functions  ; 28                                          ;
;     Dedicated logic registers      ; 0                                           ;
; Total registers                    ; 0                                           ;
; Total pins                         ; 41                                          ;
; Total virtual pins                 ; 0                                           ;
; Total memory bits                  ; 0                                           ;
; Embedded Multiplier 9-bit elements ; 0                                           ;
; Total PLLs                         ; 0                                           ;
+------------------------------------+---------------------------------------------+


+----------------------------------------------------------------------------------------------------------------------+
; Analysis & Synthesis Settings                                                                                        ;
+----------------------------------------------------------------------------+--------------------+--------------------+
; Option                                                                     ; Setting            ; Default Value      ;
+----------------------------------------------------------------------------+--------------------+--------------------+
; Device                                                                     ; EP4CE115F29C7      ;                    ;
; Top-level entity name                                                      ; part5              ; part5              ;
; Family name                                                                ; Cyclone IV E       ; Cyclone V          ;
; Use smart compilation                                                      ; Off                ; Off                ;
; Enable parallel Assembler and TimeQuest Timing Analyzer during compilation ; On                 ; On                 ;
; Enable compact report table                                                ; Off                ; Off                ;
; Restructure Multiplexers                                                   ; Auto               ; Auto               ;
; Create Debugging Nodes for IP Cores                                        ; Off                ; Off                ;
; Preserve fewer node names                                                  ; On                 ; On                 ;
; OpenCore Plus hardware evaluation                                          ; Enable             ; Enable             ;
; Verilog Version                                                            ; Verilog_2001       ; Verilog_2001       ;
; VHDL Version                                                               ; VHDL_1993          ; VHDL_1993          ;
; State Machine Processing                                                   ; Auto               ; Auto               ;
; Safe State Machine                                                         ; Off                ; Off                ;
; Extract Verilog State Machines                                             ; On                 ; On                 ;
; Extract VHDL State Machines                                                ; On                 ; On                 ;
; Ignore Verilog initial constructs                                          ; Off                ; Off                ;
; Iteration limit for constant Verilog loops                                 ; 5000               ; 5000               ;
; Iteration limit for non-constant Verilog loops                             ; 250                ; 250                ;
; Add Pass-Through Logic to Inferred RAMs                                    ; On                 ; On                 ;
; Infer RAMs from Raw Logic                                                  ; On                 ; On                 ;
; Parallel Synthesis                                                         ; On                 ; On                 ;
; DSP Block Balancing                                                        ; Auto               ; Auto               ;
; NOT Gate Push-Back                                                         ; On                 ; On                 ;
; Power-Up Don't Care                                                        ; On                 ; On                 ;
; Remove Redundant Logic Cells                                               ; Off                ; Off                ;
; Remove Duplicate Registers                                                 ; On                 ; On                 ;
; Ignore CARRY Buffers                                                       ; Off                ; Off                ;
; Ignore CASCADE Buffers                                                     ; Off                ; Off                ;
; Ignore GLOBAL Buffers                                                      ; Off                ; Off                ;
; Ignore ROW GLOBAL Buffers                                                  ; Off                ; Off                ;
; Ignore LCELL Buffers                                                       ; Off                ; Off                ;
; Ignore SOFT Buffers                                                        ; On                 ; On                 ;
; Limit AHDL Integers to 32 Bits                                             ; Off                ; Off                ;
; Optimization Technique                                                     ; Balanced           ; Balanced           ;
; Carry Chain Length                                                         ; 70                 ; 70                 ;
; Auto Carry Chains                                                          ; On                 ; On                 ;
; Auto Open-Drain Pins                                                       ; On                 ; On                 ;
; Perform WYSIWYG Primitive Resynthesis                                      ; Off                ; Off                ;
; Auto ROM Replacement                                                       ; On                 ; On                 ;
; Auto RAM Replacement                                                       ; On                 ; On                 ;
; Auto DSP Block Replacement                                                 ; On                 ; On                 ;
; Auto Shift Register Replacement                                            ; Auto               ; Auto               ;
; Allow Shift Register Merging across Hierarchies                            ; Auto               ; Auto               ;
; Auto Clock Enable Replacement                                              ; On                 ; On                 ;
; Strict RAM Replacement                                                     ; Off                ; Off                ;
; Allow Synchronous Control Signals                                          ; On                 ; On                 ;
; Force Use of Synchronous Clear Signals                                     ; Off                ; Off                ;
; Auto RAM Block Balancing                                                   ; On                 ; On                 ;
; Auto RAM to Logic Cell Conversion                                          ; Off                ; Off                ;
; Auto Resource Sharing                                                      ; Off                ; Off                ;
; Allow Any RAM Size For Recognition                                         ; Off                ; Off                ;
; Allow Any ROM Size For Recognition                                         ; Off                ; Off                ;
; Allow Any Shift Register Size For Recognition                              ; Off                ; Off                ;
; Use LogicLock Constraints during Resource Balancing                        ; On                 ; On                 ;
; Ignore translate_off and synthesis_off directives                          ; Off                ; Off                ;
; Timing-Driven Synthesis                                                    ; On                 ; On                 ;
; Report Parameter Settings                                                  ; On                 ; On                 ;
; Report Source Assignments                                                  ; On                 ; On                 ;
; Report Connectivity Checks                                                 ; On                 ; On                 ;
; Ignore Maximum Fan-Out Assignments                                         ; Off                ; Off                ;
; Synchronization Register Chain Length                                      ; 2                  ; 2                  ;
; PowerPlay Power Optimization During Synthesis                              ; Normal compilation ; Normal compilation ;
; HDL message level                                                          ; Level2             ; Level2             ;
; Suppress Register Optimization Related Messages                            ; Off                ; Off                ;
; Number of Removed Registers Reported in Synthesis Report                   ; 5000               ; 5000               ;
; Number of Swept Nodes Reported in Synthesis Report                         ; 5000               ; 5000               ;
; Number of Inverted Registers Reported in Synthesis Report                  ; 100                ; 100                ;
; Clock MUX Protection                                                       ; On                 ; On                 ;
; Auto Gated Clock Conversion                                                ; Off                ; Off                ;
; Block Design Naming                                                        ; Auto               ; Auto               ;
; SDC constraint protection                                                  ; Off                ; Off                ;
; Synthesis Effort                                                           ; Auto               ; Auto               ;
; Shift Register Replacement - Allow Asynchronous Clear Signal               ; On                 ; On                 ;
; Pre-Mapping Resynthesis Optimization                                       ; Off                ; Off                ;
; Analysis & Synthesis Message Level                                         ; Medium             ; Medium             ;
; Disable Register Merging Across Hierarchies                                ; Auto               ; Auto               ;
; Resource Aware Inference For Block RAM                                     ; On                 ; On                 ;
+----------------------------------------------------------------------------+--------------------+--------------------+


+------------------------------------------+
; Parallel Compilation                     ;
+----------------------------+-------------+
; Processors                 ; Number      ;
+----------------------------+-------------+
; Number detected on machine ; 8           ;
; Maximum allowed            ; 8           ;
;                            ;             ;
; Average used               ; 1.00        ;
; Maximum used               ; 8           ;
;                            ;             ;
; Usage by Processor         ; % Time Used ;
;     Processor 1            ; 100.0%      ;
;     Processors 2-8         ;   0.0%      ;
+----------------------------+-------------+


+-------------------------------------------------------------------------------------------------------------------------------------------------+
; Analysis & Synthesis Source Files Read                                                                                                          ;
+----------------------------------+-----------------+------------------------------+---------------------------------------------------+---------+
; File Name with User-Entered Path ; Used in Netlist ; File Type                    ; File Name with Absolute Path                      ; Library ;
+----------------------------------+-----------------+------------------------------+---------------------------------------------------+---------+
; part5.sv                         ; yes             ; User SystemVerilog HDL File  ; C:/Users/sakhm/Desktop/TCES330/HW1/Part5/part5.sv ;         ;
+----------------------------------+-----------------+------------------------------+---------------------------------------------------+---------+


+------------------------------------------------------+
; Analysis & Synthesis Resource Usage Summary          ;
+---------------------------------------------+--------+
; Resource                                    ; Usage  ;
+---------------------------------------------+--------+
; Estimated Total logic elements              ; 28     ;
;                                             ;        ;
; Total combinational functions               ; 28     ;
; Logic element usage by number of LUT inputs ;        ;
;     -- 4 input functions                    ; 0      ;
;     -- 3 input functions                    ; 21     ;
;     -- <=2 input functions                  ; 7      ;
;                                             ;        ;
; Logic elements by mode                      ;        ;
;     -- normal mode                          ; 28     ;
;     -- arithmetic mode                      ; 0      ;
;                                             ;        ;
; Total registers                             ; 0      ;
;     -- Dedicated logic registers            ; 0      ;
;     -- I/O registers                        ; 0      ;
;                                             ;        ;
; I/O pins                                    ; 41     ;
;                                             ;        ;
; Embedded Multiplier 9-bit elements          ; 0      ;
;                                             ;        ;
; Maximum fan-out node                        ; Mux4~0 ;
; Maximum fan-out                             ; 15     ;
; Total fan-out                               ; 146    ;
; Average fan-out                             ; 1.33   ;
+---------------------------------------------+--------+


+----------------------------------------------------------------------------------------------------------------------------------------------------------------------------------------------------------+
; Analysis & Synthesis Resource Utilization by Entity                                                                                                                                                      ;
+----------------------------+---------------------+---------------------------+-------------+--------------+---------+-----------+------+--------------+---------------------+-------------+--------------+
; Compilation Hierarchy Node ; Combinational ALUTs ; Dedicated Logic Registers ; Memory Bits ; DSP Elements ; DSP 9x9 ; DSP 18x18 ; Pins ; Virtual Pins ; Full Hierarchy Name ; Entity Name ; Library Name ;
+----------------------------+---------------------+---------------------------+-------------+--------------+---------+-----------+------+--------------+---------------------+-------------+--------------+
; |part5                     ; 28 (28)             ; 0 (0)                     ; 0           ; 0            ; 0       ; 0         ; 41   ; 0            ; |part5              ; part5       ; work         ;
+----------------------------+---------------------+---------------------------+-------------+--------------+---------+-----------+------+--------------+---------------------+-------------+--------------+
Note: For table entries with two numbers listed, the numbers in parentheses indicate the number of resources of the given type used by the specific entity alone. The numbers listed outside of parentheses indicate the total resources of the given type used by the specific entity and all of its sub-entities in the hierarchy.


+----------------------------------------------------------------------------------------------------+
; User-Specified and Inferred Latches                                                                ;
+-----------------------------------------------------+---------------------+------------------------+
; Latch Name                                          ; Latch Enable Signal ; Free of Timing Hazards ;
+-----------------------------------------------------+---------------------+------------------------+
; HEX0[0]$latch                                       ; Mux4                ; yes                    ;
; HEX0[1]$latch                                       ; Mux4                ; yes                    ;
; HEX0[2]$latch                                       ; Mux4                ; yes                    ;
; HEX0[3]$latch                                       ; Mux4                ; yes                    ;
; HEX0[6]$latch                                       ; Mux4                ; yes                    ;
; HEX1[0]$latch                                       ; Mux4                ; yes                    ;
; HEX1[1]$latch                                       ; Mux4                ; yes                    ;
; HEX1[2]$latch                                       ; Mux4                ; yes                    ;
; HEX1[3]$latch                                       ; Mux4                ; yes                    ;
; HEX1[6]$latch                                       ; Mux4                ; yes                    ;
; HEX2[0]$latch                                       ; Mux4                ; yes                    ;
; HEX2[1]$latch                                       ; Mux4                ; yes                    ;
; HEX2[2]$latch                                       ; Mux4                ; yes                    ;
; HEX2[3]$latch                                       ; Mux4                ; yes                    ;
; HEX2[6]$latch                                       ; Mux4                ; yes                    ;
; HEX3[0]$latch                                       ; Mux4                ; yes                    ;
; HEX3[1]$latch                                       ; Mux4                ; yes                    ;
; HEX3[2]$latch                                       ; Mux4                ; yes                    ;
; HEX3[3]$latch                                       ; Mux4                ; yes                    ;
; HEX3[6]$latch                                       ; Mux4                ; yes                    ;
; HEX4[0]$latch                                       ; Mux4                ; yes                    ;
; HEX4[1]$latch                                       ; Mux4                ; yes                    ;
; HEX4[2]$latch                                       ; Mux4                ; yes                    ;
; HEX4[3]$latch                                       ; Mux4                ; yes                    ;
; HEX4[6]$latch                                       ; Mux4                ; yes                    ;
; Number of user-specified and inferred latches = 25  ;                     ;                        ;
+-----------------------------------------------------+---------------------+------------------------+
Note: All latches listed above may not be present at the end of synthesis due to various synthesis optimizations.


+------------------------------------------------------+
; General Register Statistics                          ;
+----------------------------------------------+-------+
; Statistic                                    ; Value ;
+----------------------------------------------+-------+
; Total registers                              ; 0     ;
; Number of registers using Synchronous Clear  ; 0     ;
; Number of registers using Synchronous Load   ; 0     ;
; Number of registers using Asynchronous Clear ; 0     ;
; Number of registers using Asynchronous Load  ; 0     ;
; Number of registers using Clock Enable       ; 0     ;
; Number of registers using Preset             ; 0     ;
+----------------------------------------------+-------+


+-----------------------------------------------------+
; Post-Synthesis Netlist Statistics for Top Partition ;
+-----------------------+-----------------------------+
; Type                  ; Count                       ;
+-----------------------+-----------------------------+
; boundary_port         ; 41                          ;
; cycloneiii_lcell_comb ; 29                          ;
;     normal            ; 29                          ;
;         0 data inputs ; 1                           ;
;         2 data inputs ; 7                           ;
;         3 data inputs ; 21                          ;
;                       ;                             ;
; Max LUT depth         ; 2.00                        ;
; Average LUT depth     ; 1.64                        ;
+-----------------------+-----------------------------+


+-------------------------------+
; Elapsed Time Per Partition    ;
+----------------+--------------+
; Partition Name ; Elapsed Time ;
+----------------+--------------+
; Top            ; 00:00:00     ;
+----------------+--------------+


+-------------------------------+
; Analysis & Synthesis Messages ;
+-------------------------------+
Info: *******************************************************************
Info: Running Quartus Prime Analysis & Synthesis
    Info: Version 17.0.0 Build 595 04/25/2017 SJ Lite Edition
    Info: Processing started: Thu Apr 23 22:33:34 2020
Info: Command: quartus_map --read_settings_files=on --write_settings_files=off part5 -c part5
Warning (18236): Number of processors has not been specified which may cause overloading on shared machines.  Set the global assignment NUM_PARALLEL_PROCESSORS in your QSF to an appropriate value for best performance.
Info (20030): Parallel compilation is enabled and will use 8 of the 8 processors detected
Info (12021): Found 1 design units, including 1 entities, in source file part5.sv
    Info (12023): Found entity 1: part5 File: C:/Users/sakhm/Desktop/TCES330/HW1/Part5/part5.sv Line: 2
Info (12127): Elaborating entity "part5" for the top level hierarchy
Warning (10270): Verilog HDL Case Statement warning at part5.sv(12): incomplete case statement has no default case item File: C:/Users/sakhm/Desktop/TCES330/HW1/Part5/part5.sv Line: 12
Warning (10240): Verilog HDL Always Construct warning at part5.sv(11): inferring latch(es) for variable "HEX4", which holds its previous value in one or more paths through the always construct File: C:/Users/sakhm/Desktop/TCES330/HW1/Part5/part5.sv Line: 11
Warning (10240): Verilog HDL Always Construct warning at part5.sv(11): inferring latch(es) for variable "HEX3", which holds its previous value in one or more paths through the always construct File: C:/Users/sakhm/Desktop/TCES330/HW1/Part5/part5.sv Line: 11
Warning (10240): Verilog HDL Always Construct warning at part5.sv(11): inferring latch(es) for variable "HEX2", which holds its previous value in one or more paths through the always construct File: C:/Users/sakhm/Desktop/TCES330/HW1/Part5/part5.sv Line: 11
Warning (10240): Verilog HDL Always Construct warning at part5.sv(11): inferring latch(es) for variable "HEX1", which holds its previous value in one or more paths through the always construct File: C:/Users/sakhm/Desktop/TCES330/HW1/Part5/part5.sv Line: 11
Warning (10240): Verilog HDL Always Construct warning at part5.sv(11): inferring latch(es) for variable "HEX0", which holds its previous value in one or more paths through the always construct File: C:/Users/sakhm/Desktop/TCES330/HW1/Part5/part5.sv Line: 11
Info (10041): Inferred latch for "HEX0[0]" at part5.sv(11) File: C:/Users/sakhm/Desktop/TCES330/HW1/Part5/part5.sv Line: 11
Info (10041): Inferred latch for "HEX0[1]" at part5.sv(11) File: C:/Users/sakhm/Desktop/TCES330/HW1/Part5/part5.sv Line: 11
Info (10041): Inferred latch for "HEX0[2]" at part5.sv(11) File: C:/Users/sakhm/Desktop/TCES330/HW1/Part5/part5.sv Line: 11
Info (10041): Inferred latch for "HEX0[3]" at part5.sv(11) File: C:/Users/sakhm/Desktop/TCES330/HW1/Part5/part5.sv Line: 11
Info (10041): Inferred latch for "HEX0[4]" at part5.sv(11) File: C:/Users/sakhm/Desktop/TCES330/HW1/Part5/part5.sv Line: 11
Info (10041): Inferred latch for "HEX0[5]" at part5.sv(11) File: C:/Users/sakhm/Desktop/TCES330/HW1/Part5/part5.sv Line: 11
Info (10041): Inferred latch for "HEX0[6]" at part5.sv(11) File: C:/Users/sakhm/Desktop/TCES330/HW1/Part5/part5.sv Line: 11
Info (10041): Inferred latch for "HEX1[0]" at part5.sv(11) File: C:/Users/sakhm/Desktop/TCES330/HW1/Part5/part5.sv Line: 11
Info (10041): Inferred latch for "HEX1[1]" at part5.sv(11) File: C:/Users/sakhm/Desktop/TCES330/HW1/Part5/part5.sv Line: 11
Info (10041): Inferred latch for "HEX1[2]" at part5.sv(11) File: C:/Users/sakhm/Desktop/TCES330/HW1/Part5/part5.sv Line: 11
Info (10041): Inferred latch for "HEX1[3]" at part5.sv(11) File: C:/Users/sakhm/Desktop/TCES330/HW1/Part5/part5.sv Line: 11
Info (10041): Inferred latch for "HEX1[4]" at part5.sv(11) File: C:/Users/sakhm/Desktop/TCES330/HW1/Part5/part5.sv Line: 11
Info (10041): Inferred latch for "HEX1[5]" at part5.sv(11) File: C:/Users/sakhm/Desktop/TCES330/HW1/Part5/part5.sv Line: 11
Info (10041): Inferred latch for "HEX1[6]" at part5.sv(11) File: C:/Users/sakhm/Desktop/TCES330/HW1/Part5/part5.sv Line: 11
Info (10041): Inferred latch for "HEX2[0]" at part5.sv(11) File: C:/Users/sakhm/Desktop/TCES330/HW1/Part5/part5.sv Line: 11
Info (10041): Inferred latch for "HEX2[1]" at part5.sv(11) File: C:/Users/sakhm/Desktop/TCES330/HW1/Part5/part5.sv Line: 11
Info (10041): Inferred latch for "HEX2[2]" at part5.sv(11) File: C:/Users/sakhm/Desktop/TCES330/HW1/Part5/part5.sv Line: 11
Info (10041): Inferred latch for "HEX2[3]" at part5.sv(11) File: C:/Users/sakhm/Desktop/TCES330/HW1/Part5/part5.sv Line: 11
Info (10041): Inferred latch for "HEX2[4]" at part5.sv(11) File: C:/Users/sakhm/Desktop/TCES330/HW1/Part5/part5.sv Line: 11
Info (10041): Inferred latch for "HEX2[5]" at part5.sv(11) File: C:/Users/sakhm/Desktop/TCES330/HW1/Part5/part5.sv Line: 11
Info (10041): Inferred latch for "HEX2[6]" at part5.sv(11) File: C:/Users/sakhm/Desktop/TCES330/HW1/Part5/part5.sv Line: 11
Info (10041): Inferred latch for "HEX3[0]" at part5.sv(11) File: C:/Users/sakhm/Desktop/TCES330/HW1/Part5/part5.sv Line: 11
Info (10041): Inferred latch for "HEX3[1]" at part5.sv(11) File: C:/Users/sakhm/Desktop/TCES330/HW1/Part5/part5.sv Line: 11
Info (10041): Inferred latch for "HEX3[2]" at part5.sv(11) File: C:/Users/sakhm/Desktop/TCES330/HW1/Part5/part5.sv Line: 11
Info (10041): Inferred latch for "HEX3[3]" at part5.sv(11) File: C:/Users/sakhm/Desktop/TCES330/HW1/Part5/part5.sv Line: 11
Info (10041): Inferred latch for "HEX3[4]" at part5.sv(11) File: C:/Users/sakhm/Desktop/TCES330/HW1/Part5/part5.sv Line: 11
Info (10041): Inferred latch for "HEX3[5]" at part5.sv(11) File: C:/Users/sakhm/Desktop/TCES330/HW1/Part5/part5.sv Line: 11
Info (10041): Inferred latch for "HEX3[6]" at part5.sv(11) File: C:/Users/sakhm/Desktop/TCES330/HW1/Part5/part5.sv Line: 11
Info (10041): Inferred latch for "HEX4[0]" at part5.sv(11) File: C:/Users/sakhm/Desktop/TCES330/HW1/Part5/part5.sv Line: 11
Info (10041): Inferred latch for "HEX4[1]" at part5.sv(11) File: C:/Users/sakhm/Desktop/TCES330/HW1/Part5/part5.sv Line: 11
Info (10041): Inferred latch for "HEX4[2]" at part5.sv(11) File: C:/Users/sakhm/Desktop/TCES330/HW1/Part5/part5.sv Line: 11
Info (10041): Inferred latch for "HEX4[3]" at part5.sv(11) File: C:/Users/sakhm/Desktop/TCES330/HW1/Part5/part5.sv Line: 11
Info (10041): Inferred latch for "HEX4[4]" at part5.sv(11) File: C:/Users/sakhm/Desktop/TCES330/HW1/Part5/part5.sv Line: 11
Info (10041): Inferred latch for "HEX4[5]" at part5.sv(11) File: C:/Users/sakhm/Desktop/TCES330/HW1/Part5/part5.sv Line: 11
Info (10041): Inferred latch for "HEX4[6]" at part5.sv(11) File: C:/Users/sakhm/Desktop/TCES330/HW1/Part5/part5.sv Line: 11
Info (13025): Duplicate LATCH primitives merged into single LATCH primitive
    Info (13026): Duplicate LATCH primitive "HEX0[2]$latch" merged with LATCH primitive "HEX0[1]$latch" File: C:/Users/sakhm/Desktop/TCES330/HW1/Part5/part5.sv Line: 11
    Info (13026): Duplicate LATCH primitive "HEX4[6]$latch" merged with LATCH primitive "HEX0[1]$latch" File: C:/Users/sakhm/Desktop/TCES330/HW1/Part5/part5.sv Line: 11
    Info (13026): Duplicate LATCH primitive "HEX1[2]$latch" merged with LATCH primitive "HEX0[6]$latch" File: C:/Users/sakhm/Desktop/TCES330/HW1/Part5/part5.sv Line: 11
    Info (13026): Duplicate LATCH primitive "HEX1[1]$latch" merged with LATCH primitive "HEX0[6]$latch" File: C:/Users/sakhm/Desktop/TCES330/HW1/Part5/part5.sv Line: 11
    Info (13026): Duplicate LATCH primitive "HEX2[2]$latch" merged with LATCH primitive "HEX1[6]$latch" File: C:/Users/sakhm/Desktop/TCES330/HW1/Part5/part5.sv Line: 11
    Info (13026): Duplicate LATCH primitive "HEX2[1]$latch" merged with LATCH primitive "HEX1[6]$latch" File: C:/Users/sakhm/Desktop/TCES330/HW1/Part5/part5.sv Line: 11
    Info (13026): Duplicate LATCH primitive "HEX3[2]$latch" merged with LATCH primitive "HEX2[6]$latch" File: C:/Users/sakhm/Desktop/TCES330/HW1/Part5/part5.sv Line: 11
    Info (13026): Duplicate LATCH primitive "HEX3[1]$latch" merged with LATCH primitive "HEX2[6]$latch" File: C:/Users/sakhm/Desktop/TCES330/HW1/Part5/part5.sv Line: 11
    Info (13026): Duplicate LATCH primitive "HEX4[2]$latch" merged with LATCH primitive "HEX3[6]$latch" File: C:/Users/sakhm/Desktop/TCES330/HW1/Part5/part5.sv Line: 11
    Info (13026): Duplicate LATCH primitive "HEX4[1]$latch" merged with LATCH primitive "HEX3[6]$latch" File: C:/Users/sakhm/Desktop/TCES330/HW1/Part5/part5.sv Line: 11
Warning (13012): Latch HEX0[0]$latch has unsafe behavior File: C:/Users/sakhm/Desktop/TCES330/HW1/Part5/part5.sv Line: 11
    Warning (13013): Ports D and ENA on the latch are fed by the same signal SW[0] File: C:/Users/sakhm/Desktop/TCES330/HW1/Part5/part5.sv Line: 3
Warning (13012): Latch HEX0[1]$latch has unsafe behavior File: C:/Users/sakhm/Desktop/TCES330/HW1/Part5/part5.sv Line: 11
    Warning (13013): Ports D and ENA on the latch are fed by the same signal SW[1] File: C:/Users/sakhm/Desktop/TCES330/HW1/Part5/part5.sv Line: 3
Warning (13012): Latch HEX0[3]$latch has unsafe behavior File: C:/Users/sakhm/Desktop/TCES330/HW1/Part5/part5.sv Line: 11
    Warning (13013): Ports D and ENA on the latch are fed by the same signal SW[0] File: C:/Users/sakhm/Desktop/TCES330/HW1/Part5/part5.sv Line: 3
Warning (13012): Latch HEX0[6]$latch has unsafe behavior File: C:/Users/sakhm/Desktop/TCES330/HW1/Part5/part5.sv Line: 11
    Warning (13013): Ports D and ENA on the latch are fed by the same signal SW[0] File: C:/Users/sakhm/Desktop/TCES330/HW1/Part5/part5.sv Line: 3
Warning (13012): Latch HEX1[0]$latch has unsafe behavior File: C:/Users/sakhm/Desktop/TCES330/HW1/Part5/part5.sv Line: 11
    Warning (13013): Ports D and ENA on the latch are fed by the same signal SW[0] File: C:/Users/sakhm/Desktop/TCES330/HW1/Part5/part5.sv Line: 3
Warning (13012): Latch HEX1[3]$latch has unsafe behavior File: C:/Users/sakhm/Desktop/TCES330/HW1/Part5/part5.sv Line: 11
    Warning (13013): Ports D and ENA on the latch are fed by the same signal SW[0] File: C:/Users/sakhm/Desktop/TCES330/HW1/Part5/part5.sv Line: 3
Warning (13012): Latch HEX1[6]$latch has unsafe behavior File: C:/Users/sakhm/Desktop/TCES330/HW1/Part5/part5.sv Line: 11
    Warning (13013): Ports D and ENA on the latch are fed by the same signal SW[1] File: C:/Users/sakhm/Desktop/TCES330/HW1/Part5/part5.sv Line: 3
Warning (13012): Latch HEX2[0]$latch has unsafe behavior File: C:/Users/sakhm/Desktop/TCES330/HW1/Part5/part5.sv Line: 11
    Warning (13013): Ports D and ENA on the latch are fed by the same signal SW[0] File: C:/Users/sakhm/Desktop/TCES330/HW1/Part5/part5.sv Line: 3
Warning (13012): Latch HEX2[3]$latch has unsafe behavior File: C:/Users/sakhm/Desktop/TCES330/HW1/Part5/part5.sv Line: 11
    Warning (13013): Ports D and ENA on the latch are fed by the same signal SW[0] File: C:/Users/sakhm/Desktop/TCES330/HW1/Part5/part5.sv Line: 3
Warning (13012): Latch HEX2[6]$latch has unsafe behavior File: C:/Users/sakhm/Desktop/TCES330/HW1/Part5/part5.sv Line: 11
    Warning (13013): Ports D and ENA on the latch are fed by the same signal SW[2] File: C:/Users/sakhm/Desktop/TCES330/HW1/Part5/part5.sv Line: 3
Warning (13012): Latch HEX3[0]$latch has unsafe behavior File: C:/Users/sakhm/Desktop/TCES330/HW1/Part5/part5.sv Line: 11
    Warning (13013): Ports D and ENA on the latch are fed by the same signal SW[2] File: C:/Users/sakhm/Desktop/TCES330/HW1/Part5/part5.sv Line: 3
Warning (13012): Latch HEX3[3]$latch has unsafe behavior File: C:/Users/sakhm/Desktop/TCES330/HW1/Part5/part5.sv Line: 11
    Warning (13013): Ports D and ENA on the latch are fed by the same signal SW[2] File: C:/Users/sakhm/Desktop/TCES330/HW1/Part5/part5.sv Line: 3
Warning (13012): Latch HEX3[6]$latch has unsafe behavior File: C:/Users/sakhm/Desktop/TCES330/HW1/Part5/part5.sv Line: 11
    Warning (13013): Ports D and ENA on the latch are fed by the same signal SW[0] File: C:/Users/sakhm/Desktop/TCES330/HW1/Part5/part5.sv Line: 3
Warning (13012): Latch HEX4[0]$latch has unsafe behavior File: C:/Users/sakhm/Desktop/TCES330/HW1/Part5/part5.sv Line: 11
    Warning (13013): Ports D and ENA on the latch are fed by the same signal SW[1] File: C:/Users/sakhm/Desktop/TCES330/HW1/Part5/part5.sv Line: 3
Warning (13012): Latch HEX4[3]$latch has unsafe behavior File: C:/Users/sakhm/Desktop/TCES330/HW1/Part5/part5.sv Line: 11
    Warning (13013): Ports D and ENA on the latch are fed by the same signal SW[0] File: C:/Users/sakhm/Desktop/TCES330/HW1/Part5/part5.sv Line: 3
Warning (13024): Output pins are stuck at VCC or GND
    Warning (13410): Pin "HEX0[4]" is stuck at GND File: C:/Users/sakhm/Desktop/TCES330/HW1/Part5/part5.sv Line: 11
    Warning (13410): Pin "HEX0[5]" is stuck at GND File: C:/Users/sakhm/Desktop/TCES330/HW1/Part5/part5.sv Line: 11
    Warning (13410): Pin "HEX1[4]" is stuck at GND File: C:/Users/sakhm/Desktop/TCES330/HW1/Part5/part5.sv Line: 11
    Warning (13410): Pin "HEX1[5]" is stuck at GND File: C:/Users/sakhm/Desktop/TCES330/HW1/Part5/part5.sv Line: 11
    Warning (13410): Pin "HEX2[4]" is stuck at GND File: C:/Users/sakhm/Desktop/TCES330/HW1/Part5/part5.sv Line: 11
    Warning (13410): Pin "HEX2[5]" is stuck at GND File: C:/Users/sakhm/Desktop/TCES330/HW1/Part5/part5.sv Line: 11
    Warning (13410): Pin "HEX3[4]" is stuck at GND File: C:/Users/sakhm/Desktop/TCES330/HW1/Part5/part5.sv Line: 11
    Warning (13410): Pin "HEX3[5]" is stuck at GND File: C:/Users/sakhm/Desktop/TCES330/HW1/Part5/part5.sv Line: 11
    Warning (13410): Pin "HEX4[4]" is stuck at GND File: C:/Users/sakhm/Desktop/TCES330/HW1/Part5/part5.sv Line: 11
    Warning (13410): Pin "HEX4[5]" is stuck at GND File: C:/Users/sakhm/Desktop/TCES330/HW1/Part5/part5.sv Line: 11
Info (286030): Timing-Driven Synthesis is running
Info (16010): Generating hard_block partition "hard_block:auto_generated_inst"
    Info (16011): Adding 0 node(s), including 0 DDIO, 0 PLL, 0 transceiver and 0 LCELL
Info (21057): Implemented 69 device resources after synthesis - the final resource count might be different
    Info (21058): Implemented 3 input pins
    Info (21059): Implemented 38 output pins
    Info (21061): Implemented 28 logic cells
Info: Quartus Prime Analysis & Synthesis was successful. 0 errors, 48 warnings
    Info: Peak virtual memory: 4812 megabytes
    Info: Processing ended: Thu Apr 23 22:33:50 2020
    Info: Elapsed time: 00:00:16
    Info: Total CPU time (on all processors): 00:00:36


